=== Start lfr-rust-target-pool strategy batch ===
Output root: experiments/2026-06-03_lfr_rust_target_pool/strategy_runs
Runtime    : v2/test_2/runtime.toml
Agent      : v2/test_2/agent/agent-type6.toml
Networks   : 9
Time       : 2026年  6月  3日 水曜日 13:26:30 JST

========================================
Start: network=lfrrustpool_mu02_original_seed3, strategy=balance
Time : 2026年  6月  3日 水曜日 13:26:30 JST
Config    : v2/test_2/network/network-lfrrustpool_mu02_original_seed3.toml
Result dir: experiments/2026-06-03_lfr_rust_target_pool/strategy_runs/lfrrustpool_mu02_original_seed3/balance/result
Run log   : experiments/2026-06-03_lfr_rust_target_pool/strategy_runs/lfrrustpool_mu02_original_seed3/balance/run_20260603_132630.log
========================================
Finished: network=lfrrustpool_mu02_original_seed3, strategy=balance
Time    : 2026年  6月  3日 水曜日 13:26:37 JST

========================================
Start: network=lfrrustpool_mu02_original_seed3, strategy=effective_high
Time : 2026年  6月  3日 水曜日 13:26:37 JST
Config    : v2/test_2/network/network-lfrrustpool_mu02_original_seed3.toml
Result dir: experiments/2026-06-03_lfr_rust_target_pool/strategy_runs/lfrrustpool_mu02_original_seed3/effective_high/result
Run log   : experiments/2026-06-03_lfr_rust_target_pool/strategy_runs/lfrrustpool_mu02_original_seed3/effective_high/run_20260603_132630.log
========================================
Finished: network=lfrrustpool_mu02_original_seed3, strategy=effective_high
Time    : 2026年  6月  3日 水曜日 13:26:43 JST

========================================
Start: network=lfrrustpool_mu02_original_seed3, strategy=certainty_high
Time : 2026年  6月  3日 水曜日 13:26:43 JST
Config    : v2/test_2/network/network-lfrrustpool_mu02_original_seed3.toml
Result dir: experiments/2026-06-03_lfr_rust_target_pool/strategy_runs/lfrrustpool_mu02_original_seed3/certainty_high/result
Run log   : experiments/2026-06-03_lfr_rust_target_pool/strategy_runs/lfrrustpool_mu02_original_seed3/certainty_high/run_20260603_132630.log
========================================
Finished: network=lfrrustpool_mu02_original_seed3, strategy=certainty_high
Time    : 2026年  6月  3日 水曜日 13:26:50 JST

========================================
Start: network=lfrrustpool_mu02_original_seed4, strategy=balance
Time : 2026年  6月  3日 水曜日 13:26:50 JST
Config    : v2/test_2/network/network-lfrrustpool_mu02_original_seed4.toml
Result dir: experiments/2026-06-03_lfr_rust_target_pool/strategy_runs/lfrrustpool_mu02_original_seed4/balance/result
Run log   : experiments/2026-06-03_lfr_rust_target_pool/strategy_runs/lfrrustpool_mu02_original_seed4/balance/run_20260603_132630.log
========================================
Finished: network=lfrrustpool_mu02_original_seed4, strategy=balance
Time    : 2026年  6月  3日 水曜日 13:26:56 JST

========================================
Start: network=lfrrustpool_mu02_original_seed4, strategy=effective_high
Time : 2026年  6月  3日 水曜日 13:26:56 JST
Config    : v2/test_2/network/network-lfrrustpool_mu02_original_seed4.toml
Result dir: experiments/2026-06-03_lfr_rust_target_pool/strategy_runs/lfrrustpool_mu02_original_seed4/effective_high/result
Run log   : experiments/2026-06-03_lfr_rust_target_pool/strategy_runs/lfrrustpool_mu02_original_seed4/effective_high/run_20260603_132630.log
========================================
Finished: network=lfrrustpool_mu02_original_seed4, strategy=effective_high
Time    : 2026年  6月  3日 水曜日 13:27:03 JST

========================================
Start: network=lfrrustpool_mu02_original_seed4, strategy=certainty_high
Time : 2026年  6月  3日 水曜日 13:27:03 JST
Config    : v2/test_2/network/network-lfrrustpool_mu02_original_seed4.toml
Result dir: experiments/2026-06-03_lfr_rust_target_pool/strategy_runs/lfrrustpool_mu02_original_seed4/certainty_high/result
Run log   : experiments/2026-06-03_lfr_rust_target_pool/strategy_runs/lfrrustpool_mu02_original_seed4/certainty_high/run_20260603_132630.log
========================================
Finished: network=lfrrustpool_mu02_original_seed4, strategy=certainty_high
Time    : 2026年  6月  3日 水曜日 13:27:09 JST

========================================
Start: network=lfrrustpool_mu02_original_seed5, strategy=balance
Time : 2026年  6月  3日 水曜日 13:27:09 JST
Config    : v2/test_2/network/network-lfrrustpool_mu02_original_seed5.toml
Result dir: experiments/2026-06-03_lfr_rust_target_pool/strategy_runs/lfrrustpool_mu02_original_seed5/balance/result
Run log   : experiments/2026-06-03_lfr_rust_target_pool/strategy_runs/lfrrustpool_mu02_original_seed5/balance/run_20260603_132630.log
========================================
Finished: network=lfrrustpool_mu02_original_seed5, strategy=balance
Time    : 2026年  6月  3日 水曜日 13:27:16 JST

========================================
Start: network=lfrrustpool_mu02_original_seed5, strategy=effective_high
Time : 2026年  6月  3日 水曜日 13:27:16 JST
Config    : v2/test_2/network/network-lfrrustpool_mu02_original_seed5.toml
Result dir: experiments/2026-06-03_lfr_rust_target_pool/strategy_runs/lfrrustpool_mu02_original_seed5/effective_high/result
Run log   : experiments/2026-06-03_lfr_rust_target_pool/strategy_runs/lfrrustpool_mu02_original_seed5/effective_high/run_20260603_132630.log
========================================
Finished: network=lfrrustpool_mu02_original_seed5, strategy=effective_high
Time    : 2026年  6月  3日 水曜日 13:27:22 JST

========================================
Start: network=lfrrustpool_mu02_original_seed5, strategy=certainty_high
Time : 2026年  6月  3日 水曜日 13:27:22 JST
Config    : v2/test_2/network/network-lfrrustpool_mu02_original_seed5.toml
Result dir: experiments/2026-06-03_lfr_rust_target_pool/strategy_runs/lfrrustpool_mu02_original_seed5/certainty_high/result
Run log   : experiments/2026-06-03_lfr_rust_target_pool/strategy_runs/lfrrustpool_mu02_original_seed5/certainty_high/run_20260603_132630.log
========================================
Finished: network=lfrrustpool_mu02_original_seed5, strategy=certainty_high
Time    : 2026年  6月  3日 水曜日 13:27:29 JST

========================================
Start: network=lfrrustpool_mu02_random_seed3, strategy=balance
Time : 2026年  6月  3日 水曜日 13:27:29 JST
Config    : v2/test_2/network/network-lfrrustpool_mu02_random_seed3.toml
Result dir: experiments/2026-06-03_lfr_rust_target_pool/strategy_runs/lfrrustpool_mu02_random_seed3/balance/result
Run log   : experiments/2026-06-03_lfr_rust_target_pool/strategy_runs/lfrrustpool_mu02_random_seed3/balance/run_20260603_132630.log
========================================
Finished: network=lfrrustpool_mu02_random_seed3, strategy=balance
Time    : 2026年  6月  3日 水曜日 13:27:36 JST

========================================
Start: network=lfrrustpool_mu02_random_seed3, strategy=effective_high
Time : 2026年  6月  3日 水曜日 13:27:36 JST
Config    : v2/test_2/network/network-lfrrustpool_mu02_random_seed3.toml
Result dir: experiments/2026-06-03_lfr_rust_target_pool/strategy_runs/lfrrustpool_mu02_random_seed3/effective_high/result
Run log   : experiments/2026-06-03_lfr_rust_target_pool/strategy_runs/lfrrustpool_mu02_random_seed3/effective_high/run_20260603_132630.log
========================================
Finished: network=lfrrustpool_mu02_random_seed3, strategy=effective_high
Time    : 2026年  6月  3日 水曜日 13:27:43 JST

========================================
Start: network=lfrrustpool_mu02_random_seed3, strategy=certainty_high
Time : 2026年  6月  3日 水曜日 13:27:43 JST
Config    : v2/test_2/network/network-lfrrustpool_mu02_random_seed3.toml
Result dir: experiments/2026-06-03_lfr_rust_target_pool/strategy_runs/lfrrustpool_mu02_random_seed3/certainty_high/result
Run log   : experiments/2026-06-03_lfr_rust_target_pool/strategy_runs/lfrrustpool_mu02_random_seed3/certainty_high/run_20260603_132630.log
========================================
Finished: network=lfrrustpool_mu02_random_seed3, strategy=certainty_high
Time    : 2026年  6月  3日 水曜日 13:27:49 JST

========================================
Start: network=lfrrustpool_mu02_random_seed4, strategy=balance
Time : 2026年  6月  3日 水曜日 13:27:49 JST
Config    : v2/test_2/network/network-lfrrustpool_mu02_random_seed4.toml
Result dir: experiments/2026-06-03_lfr_rust_target_pool/strategy_runs/lfrrustpool_mu02_random_seed4/balance/result
Run log   : experiments/2026-06-03_lfr_rust_target_pool/strategy_runs/lfrrustpool_mu02_random_seed4/balance/run_20260603_132630.log
========================================
Finished: network=lfrrustpool_mu02_random_seed4, strategy=balance
Time    : 2026年  6月  3日 水曜日 13:27:56 JST

========================================
Start: network=lfrrustpool_mu02_random_seed4, strategy=effective_high
Time : 2026年  6月  3日 水曜日 13:27:56 JST
Config    : v2/test_2/network/network-lfrrustpool_mu02_random_seed4.toml
Result dir: experiments/2026-06-03_lfr_rust_target_pool/strategy_runs/lfrrustpool_mu02_random_seed4/effective_high/result
Run log   : experiments/2026-06-03_lfr_rust_target_pool/strategy_runs/lfrrustpool_mu02_random_seed4/effective_high/run_20260603_132630.log
========================================
Finished: network=lfrrustpool_mu02_random_seed4, strategy=effective_high
Time    : 2026年  6月  3日 水曜日 13:28:03 JST

========================================
Start: network=lfrrustpool_mu02_random_seed4, strategy=certainty_high
Time : 2026年  6月  3日 水曜日 13:28:03 JST
Config    : v2/test_2/network/network-lfrrustpool_mu02_random_seed4.toml
Result dir: experiments/2026-06-03_lfr_rust_target_pool/strategy_runs/lfrrustpool_mu02_random_seed4/certainty_high/result
Run log   : experiments/2026-06-03_lfr_rust_target_pool/strategy_runs/lfrrustpool_mu02_random_seed4/certainty_high/run_20260603_132630.log
========================================
Finished: network=lfrrustpool_mu02_random_seed4, strategy=certainty_high
Time    : 2026年  6月  3日 水曜日 13:28:09 JST

========================================
Start: network=lfrrustpool_mu02_random_seed5, strategy=balance
Time : 2026年  6月  3日 水曜日 13:28:09 JST
Config    : v2/test_2/network/network-lfrrustpool_mu02_random_seed5.toml
Result dir: experiments/2026-06-03_lfr_rust_target_pool/strategy_runs/lfrrustpool_mu02_random_seed5/balance/result
Run log   : experiments/2026-06-03_lfr_rust_target_pool/strategy_runs/lfrrustpool_mu02_random_seed5/balance/run_20260603_132630.log
========================================
Finished: network=lfrrustpool_mu02_random_seed5, strategy=balance
Time    : 2026年  6月  3日 水曜日 13:28:17 JST

========================================
Start: network=lfrrustpool_mu02_random_seed5, strategy=effective_high
Time : 2026年  6月  3日 水曜日 13:28:17 JST
Config    : v2/test_2/network/network-lfrrustpool_mu02_random_seed5.toml
Result dir: experiments/2026-06-03_lfr_rust_target_pool/strategy_runs/lfrrustpool_mu02_random_seed5/effective_high/result
Run log   : experiments/2026-06-03_lfr_rust_target_pool/strategy_runs/lfrrustpool_mu02_random_seed5/effective_high/run_20260603_132630.log
========================================
Finished: network=lfrrustpool_mu02_random_seed5, strategy=effective_high
Time    : 2026年  6月  3日 水曜日 13:28:25 JST

========================================
Start: network=lfrrustpool_mu02_random_seed5, strategy=certainty_high
Time : 2026年  6月  3日 水曜日 13:28:25 JST
Config    : v2/test_2/network/network-lfrrustpool_mu02_random_seed5.toml
Result dir: experiments/2026-06-03_lfr_rust_target_pool/strategy_runs/lfrrustpool_mu02_random_seed5/certainty_high/result
Run log   : experiments/2026-06-03_lfr_rust_target_pool/strategy_runs/lfrrustpool_mu02_random_seed5/certainty_high/run_20260603_132630.log
========================================
Finished: network=lfrrustpool_mu02_random_seed5, strategy=certainty_high
Time    : 2026年  6月  3日 水曜日 13:28:32 JST

========================================
Start: network=lfrrustpool_mu02_rust_target_seed3, strategy=balance
Time : 2026年  6月  3日 水曜日 13:28:32 JST
Config    : v2/test_2/network/network-lfrrustpool_mu02_rust_target_seed3.toml
Result dir: experiments/2026-06-03_lfr_rust_target_pool/strategy_runs/lfrrustpool_mu02_rust_target_seed3/balance/result
Run log   : experiments/2026-06-03_lfr_rust_target_pool/strategy_runs/lfrrustpool_mu02_rust_target_seed3/balance/run_20260603_132630.log
========================================
Finished: network=lfrrustpool_mu02_rust_target_seed3, strategy=balance
Time    : 2026年  6月  3日 水曜日 13:28:39 JST

========================================
Start: network=lfrrustpool_mu02_rust_target_seed3, strategy=effective_high
Time : 2026年  6月  3日 水曜日 13:28:39 JST
Config    : v2/test_2/network/network-lfrrustpool_mu02_rust_target_seed3.toml
Result dir: experiments/2026-06-03_lfr_rust_target_pool/strategy_runs/lfrrustpool_mu02_rust_target_seed3/effective_high/result
Run log   : experiments/2026-06-03_lfr_rust_target_pool/strategy_runs/lfrrustpool_mu02_rust_target_seed3/effective_high/run_20260603_132630.log
========================================
Finished: network=lfrrustpool_mu02_rust_target_seed3, strategy=effective_high
Time    : 2026年  6月  3日 水曜日 13:28:46 JST

========================================
Start: network=lfrrustpool_mu02_rust_target_seed3, strategy=certainty_high
Time : 2026年  6月  3日 水曜日 13:28:46 JST
Config    : v2/test_2/network/network-lfrrustpool_mu02_rust_target_seed3.toml
Result dir: experiments/2026-06-03_lfr_rust_target_pool/strategy_runs/lfrrustpool_mu02_rust_target_seed3/certainty_high/result
Run log   : experiments/2026-06-03_lfr_rust_target_pool/strategy_runs/lfrrustpool_mu02_rust_target_seed3/certainty_high/run_20260603_132630.log
========================================
Finished: network=lfrrustpool_mu02_rust_target_seed3, strategy=certainty_high
Time    : 2026年  6月  3日 水曜日 13:28:53 JST

========================================
Start: network=lfrrustpool_mu02_rust_target_seed4, strategy=balance
Time : 2026年  6月  3日 水曜日 13:28:53 JST
Config    : v2/test_2/network/network-lfrrustpool_mu02_rust_target_seed4.toml
Result dir: experiments/2026-06-03_lfr_rust_target_pool/strategy_runs/lfrrustpool_mu02_rust_target_seed4/balance/result
Run log   : experiments/2026-06-03_lfr_rust_target_pool/strategy_runs/lfrrustpool_mu02_rust_target_seed4/balance/run_20260603_132630.log
========================================
Finished: network=lfrrustpool_mu02_rust_target_seed4, strategy=balance
Time    : 2026年  6月  3日 水曜日 13:29:00 JST

========================================
Start: network=lfrrustpool_mu02_rust_target_seed4, strategy=effective_high
Time : 2026年  6月  3日 水曜日 13:29:00 JST
Config    : v2/test_2/network/network-lfrrustpool_mu02_rust_target_seed4.toml
Result dir: experiments/2026-06-03_lfr_rust_target_pool/strategy_runs/lfrrustpool_mu02_rust_target_seed4/effective_high/result
Run log   : experiments/2026-06-03_lfr_rust_target_pool/strategy_runs/lfrrustpool_mu02_rust_target_seed4/effective_high/run_20260603_132630.log
========================================
Finished: network=lfrrustpool_mu02_rust_target_seed4, strategy=effective_high
Time    : 2026年  6月  3日 水曜日 13:29:07 JST

========================================
Start: network=lfrrustpool_mu02_rust_target_seed4, strategy=certainty_high
Time : 2026年  6月  3日 水曜日 13:29:07 JST
Config    : v2/test_2/network/network-lfrrustpool_mu02_rust_target_seed4.toml
Result dir: experiments/2026-06-03_lfr_rust_target_pool/strategy_runs/lfrrustpool_mu02_rust_target_seed4/certainty_high/result
Run log   : experiments/2026-06-03_lfr_rust_target_pool/strategy_runs/lfrrustpool_mu02_rust_target_seed4/certainty_high/run_20260603_132630.log
========================================
Finished: network=lfrrustpool_mu02_rust_target_seed4, strategy=certainty_high
Time    : 2026年  6月  3日 水曜日 13:29:13 JST

========================================
Start: network=lfrrustpool_mu02_rust_target_seed5, strategy=balance
Time : 2026年  6月  3日 水曜日 13:29:13 JST
Config    : v2/test_2/network/network-lfrrustpool_mu02_rust_target_seed5.toml
Result dir: experiments/2026-06-03_lfr_rust_target_pool/strategy_runs/lfrrustpool_mu02_rust_target_seed5/balance/result
Run log   : experiments/2026-06-03_lfr_rust_target_pool/strategy_runs/lfrrustpool_mu02_rust_target_seed5/balance/run_20260603_132630.log
========================================
Finished: network=lfrrustpool_mu02_rust_target_seed5, strategy=balance
Time    : 2026年  6月  3日 水曜日 13:29:20 JST

========================================
Start: network=lfrrustpool_mu02_rust_target_seed5, strategy=effective_high
Time : 2026年  6月  3日 水曜日 13:29:20 JST
Config    : v2/test_2/network/network-lfrrustpool_mu02_rust_target_seed5.toml
Result dir: experiments/2026-06-03_lfr_rust_target_pool/strategy_runs/lfrrustpool_mu02_rust_target_seed5/effective_high/result
Run log   : experiments/2026-06-03_lfr_rust_target_pool/strategy_runs/lfrrustpool_mu02_rust_target_seed5/effective_high/run_20260603_132630.log
========================================
Finished: network=lfrrustpool_mu02_rust_target_seed5, strategy=effective_high
Time    : 2026年  6月  3日 水曜日 13:29:27 JST

========================================
Start: network=lfrrustpool_mu02_rust_target_seed5, strategy=certainty_high
Time : 2026年  6月  3日 水曜日 13:29:27 JST
Config    : v2/test_2/network/network-lfrrustpool_mu02_rust_target_seed5.toml
Result dir: experiments/2026-06-03_lfr_rust_target_pool/strategy_runs/lfrrustpool_mu02_rust_target_seed5/certainty_high/result
Run log   : experiments/2026-06-03_lfr_rust_target_pool/strategy_runs/lfrrustpool_mu02_rust_target_seed5/certainty_high/run_20260603_132630.log
========================================
Finished: network=lfrrustpool_mu02_rust_target_seed5, strategy=certainty_high
Time    : 2026年  6月  3日 水曜日 13:29:34 JST

=== All runs finished ===
Master log: experiments/2026-06-03_lfr_rust_target_pool/strategy_runs/logs/run_all_20260603_132630.log
