=== Start powerlaw-cluster strategy batch ===
Output root: powerlaw_cluster_strategy_runs
Runtime    : v2/test_2/runtime.toml
Agent      : v2/test_2/agent/agent-type6.toml
Networks   : 9
Time       : 2026年  5月 18日 月曜日 13:45:15 JST

========================================
Start: network=plc_high_seed1, strategy=balance
Time : 2026年  5月 18日 月曜日 13:45:15 JST
Config    : v2/test_2/network/network-plc_high_seed1.toml
Result dir: powerlaw_cluster_strategy_runs/plc_high_seed1/balance/result
Run log   : powerlaw_cluster_strategy_runs/plc_high_seed1/balance/run_20260518_134515.log
========================================
Finished: network=plc_high_seed1, strategy=balance
Time    : 2026年  5月 18日 月曜日 13:45:20 JST

========================================
Start: network=plc_high_seed1, strategy=effective_high
Time : 2026年  5月 18日 月曜日 13:45:20 JST
Config    : v2/test_2/network/network-plc_high_seed1.toml
Result dir: powerlaw_cluster_strategy_runs/plc_high_seed1/effective_high/result
Run log   : powerlaw_cluster_strategy_runs/plc_high_seed1/effective_high/run_20260518_134515.log
========================================
Finished: network=plc_high_seed1, strategy=effective_high
Time    : 2026年  5月 18日 月曜日 13:45:25 JST

========================================
Start: network=plc_high_seed1, strategy=certainty_high
Time : 2026年  5月 18日 月曜日 13:45:25 JST
Config    : v2/test_2/network/network-plc_high_seed1.toml
Result dir: powerlaw_cluster_strategy_runs/plc_high_seed1/certainty_high/result
Run log   : powerlaw_cluster_strategy_runs/plc_high_seed1/certainty_high/run_20260518_134515.log
========================================
Finished: network=plc_high_seed1, strategy=certainty_high
Time    : 2026年  5月 18日 月曜日 13:45:29 JST

========================================
Start: network=plc_high_seed2, strategy=balance
Time : 2026年  5月 18日 月曜日 13:45:29 JST
Config    : v2/test_2/network/network-plc_high_seed2.toml
Result dir: powerlaw_cluster_strategy_runs/plc_high_seed2/balance/result
Run log   : powerlaw_cluster_strategy_runs/plc_high_seed2/balance/run_20260518_134515.log
========================================
Finished: network=plc_high_seed2, strategy=balance
Time    : 2026年  5月 18日 月曜日 13:45:34 JST

========================================
Start: network=plc_high_seed2, strategy=effective_high
Time : 2026年  5月 18日 月曜日 13:45:34 JST
Config    : v2/test_2/network/network-plc_high_seed2.toml
Result dir: powerlaw_cluster_strategy_runs/plc_high_seed2/effective_high/result
Run log   : powerlaw_cluster_strategy_runs/plc_high_seed2/effective_high/run_20260518_134515.log
========================================
Finished: network=plc_high_seed2, strategy=effective_high
Time    : 2026年  5月 18日 月曜日 13:45:40 JST

========================================
Start: network=plc_high_seed2, strategy=certainty_high
Time : 2026年  5月 18日 月曜日 13:45:40 JST
Config    : v2/test_2/network/network-plc_high_seed2.toml
Result dir: powerlaw_cluster_strategy_runs/plc_high_seed2/certainty_high/result
Run log   : powerlaw_cluster_strategy_runs/plc_high_seed2/certainty_high/run_20260518_134515.log
========================================
Finished: network=plc_high_seed2, strategy=certainty_high
Time    : 2026年  5月 18日 月曜日 13:45:44 JST

========================================
Start: network=plc_high_seed3, strategy=balance
Time : 2026年  5月 18日 月曜日 13:45:44 JST
Config    : v2/test_2/network/network-plc_high_seed3.toml
Result dir: powerlaw_cluster_strategy_runs/plc_high_seed3/balance/result
Run log   : powerlaw_cluster_strategy_runs/plc_high_seed3/balance/run_20260518_134515.log
========================================
Finished: network=plc_high_seed3, strategy=balance
Time    : 2026年  5月 18日 月曜日 13:45:50 JST

========================================
Start: network=plc_high_seed3, strategy=effective_high
Time : 2026年  5月 18日 月曜日 13:45:50 JST
Config    : v2/test_2/network/network-plc_high_seed3.toml
Result dir: powerlaw_cluster_strategy_runs/plc_high_seed3/effective_high/result
Run log   : powerlaw_cluster_strategy_runs/plc_high_seed3/effective_high/run_20260518_134515.log
========================================
Finished: network=plc_high_seed3, strategy=effective_high
Time    : 2026年  5月 18日 月曜日 13:45:56 JST

========================================
Start: network=plc_high_seed3, strategy=certainty_high
Time : 2026年  5月 18日 月曜日 13:45:56 JST
Config    : v2/test_2/network/network-plc_high_seed3.toml
Result dir: powerlaw_cluster_strategy_runs/plc_high_seed3/certainty_high/result
Run log   : powerlaw_cluster_strategy_runs/plc_high_seed3/certainty_high/run_20260518_134515.log
========================================
Finished: network=plc_high_seed3, strategy=certainty_high
Time    : 2026年  5月 18日 月曜日 13:46:01 JST

========================================
Start: network=plc_low_seed1, strategy=balance
Time : 2026年  5月 18日 月曜日 13:46:01 JST
Config    : v2/test_2/network/network-plc_low_seed1.toml
Result dir: powerlaw_cluster_strategy_runs/plc_low_seed1/balance/result
Run log   : powerlaw_cluster_strategy_runs/plc_low_seed1/balance/run_20260518_134515.log
========================================
Finished: network=plc_low_seed1, strategy=balance
Time    : 2026年  5月 18日 月曜日 13:46:07 JST

========================================
Start: network=plc_low_seed1, strategy=effective_high
Time : 2026年  5月 18日 月曜日 13:46:07 JST
Config    : v2/test_2/network/network-plc_low_seed1.toml
Result dir: powerlaw_cluster_strategy_runs/plc_low_seed1/effective_high/result
Run log   : powerlaw_cluster_strategy_runs/plc_low_seed1/effective_high/run_20260518_134515.log
========================================
Finished: network=plc_low_seed1, strategy=effective_high
Time    : 2026年  5月 18日 月曜日 13:46:13 JST

========================================
Start: network=plc_low_seed1, strategy=certainty_high
Time : 2026年  5月 18日 月曜日 13:46:13 JST
Config    : v2/test_2/network/network-plc_low_seed1.toml
Result dir: powerlaw_cluster_strategy_runs/plc_low_seed1/certainty_high/result
Run log   : powerlaw_cluster_strategy_runs/plc_low_seed1/certainty_high/run_20260518_134515.log
========================================
Finished: network=plc_low_seed1, strategy=certainty_high
Time    : 2026年  5月 18日 月曜日 13:46:18 JST

========================================
Start: network=plc_low_seed2, strategy=balance
Time : 2026年  5月 18日 月曜日 13:46:18 JST
Config    : v2/test_2/network/network-plc_low_seed2.toml
Result dir: powerlaw_cluster_strategy_runs/plc_low_seed2/balance/result
Run log   : powerlaw_cluster_strategy_runs/plc_low_seed2/balance/run_20260518_134515.log
========================================
Finished: network=plc_low_seed2, strategy=balance
Time    : 2026年  5月 18日 月曜日 13:46:24 JST

========================================
Start: network=plc_low_seed2, strategy=effective_high
Time : 2026年  5月 18日 月曜日 13:46:24 JST
Config    : v2/test_2/network/network-plc_low_seed2.toml
Result dir: powerlaw_cluster_strategy_runs/plc_low_seed2/effective_high/result
Run log   : powerlaw_cluster_strategy_runs/plc_low_seed2/effective_high/run_20260518_134515.log
========================================
Finished: network=plc_low_seed2, strategy=effective_high
Time    : 2026年  5月 18日 月曜日 13:46:30 JST

========================================
Start: network=plc_low_seed2, strategy=certainty_high
Time : 2026年  5月 18日 月曜日 13:46:30 JST
Config    : v2/test_2/network/network-plc_low_seed2.toml
Result dir: powerlaw_cluster_strategy_runs/plc_low_seed2/certainty_high/result
Run log   : powerlaw_cluster_strategy_runs/plc_low_seed2/certainty_high/run_20260518_134515.log
========================================
Finished: network=plc_low_seed2, strategy=certainty_high
Time    : 2026年  5月 18日 月曜日 13:46:35 JST

========================================
Start: network=plc_low_seed3, strategy=balance
Time : 2026年  5月 18日 月曜日 13:46:35 JST
Config    : v2/test_2/network/network-plc_low_seed3.toml
Result dir: powerlaw_cluster_strategy_runs/plc_low_seed3/balance/result
Run log   : powerlaw_cluster_strategy_runs/plc_low_seed3/balance/run_20260518_134515.log
========================================
Finished: network=plc_low_seed3, strategy=balance
Time    : 2026年  5月 18日 月曜日 13:46:40 JST

========================================
Start: network=plc_low_seed3, strategy=effective_high
Time : 2026年  5月 18日 月曜日 13:46:40 JST
Config    : v2/test_2/network/network-plc_low_seed3.toml
Result dir: powerlaw_cluster_strategy_runs/plc_low_seed3/effective_high/result
Run log   : powerlaw_cluster_strategy_runs/plc_low_seed3/effective_high/run_20260518_134515.log
========================================
Finished: network=plc_low_seed3, strategy=effective_high
Time    : 2026年  5月 18日 月曜日 13:46:46 JST

========================================
Start: network=plc_low_seed3, strategy=certainty_high
Time : 2026年  5月 18日 月曜日 13:46:46 JST
Config    : v2/test_2/network/network-plc_low_seed3.toml
Result dir: powerlaw_cluster_strategy_runs/plc_low_seed3/certainty_high/result
Run log   : powerlaw_cluster_strategy_runs/plc_low_seed3/certainty_high/run_20260518_134515.log
========================================
Finished: network=plc_low_seed3, strategy=certainty_high
Time    : 2026年  5月 18日 月曜日 13:46:51 JST

========================================
Start: network=plc_mid_seed1, strategy=balance
Time : 2026年  5月 18日 月曜日 13:46:51 JST
Config    : v2/test_2/network/network-plc_mid_seed1.toml
Result dir: powerlaw_cluster_strategy_runs/plc_mid_seed1/balance/result
Run log   : powerlaw_cluster_strategy_runs/plc_mid_seed1/balance/run_20260518_134515.log
========================================
Finished: network=plc_mid_seed1, strategy=balance
Time    : 2026年  5月 18日 月曜日 13:46:56 JST

========================================
Start: network=plc_mid_seed1, strategy=effective_high
Time : 2026年  5月 18日 月曜日 13:46:56 JST
Config    : v2/test_2/network/network-plc_mid_seed1.toml
Result dir: powerlaw_cluster_strategy_runs/plc_mid_seed1/effective_high/result
Run log   : powerlaw_cluster_strategy_runs/plc_mid_seed1/effective_high/run_20260518_134515.log
========================================
Finished: network=plc_mid_seed1, strategy=effective_high
Time    : 2026年  5月 18日 月曜日 13:47:02 JST

========================================
Start: network=plc_mid_seed1, strategy=certainty_high
Time : 2026年  5月 18日 月曜日 13:47:02 JST
Config    : v2/test_2/network/network-plc_mid_seed1.toml
Result dir: powerlaw_cluster_strategy_runs/plc_mid_seed1/certainty_high/result
Run log   : powerlaw_cluster_strategy_runs/plc_mid_seed1/certainty_high/run_20260518_134515.log
========================================
Finished: network=plc_mid_seed1, strategy=certainty_high
Time    : 2026年  5月 18日 月曜日 13:47:07 JST

========================================
Start: network=plc_mid_seed2, strategy=balance
Time : 2026年  5月 18日 月曜日 13:47:07 JST
Config    : v2/test_2/network/network-plc_mid_seed2.toml
Result dir: powerlaw_cluster_strategy_runs/plc_mid_seed2/balance/result
Run log   : powerlaw_cluster_strategy_runs/plc_mid_seed2/balance/run_20260518_134515.log
========================================
Finished: network=plc_mid_seed2, strategy=balance
Time    : 2026年  5月 18日 月曜日 13:47:13 JST

========================================
Start: network=plc_mid_seed2, strategy=effective_high
Time : 2026年  5月 18日 月曜日 13:47:13 JST
Config    : v2/test_2/network/network-plc_mid_seed2.toml
Result dir: powerlaw_cluster_strategy_runs/plc_mid_seed2/effective_high/result
Run log   : powerlaw_cluster_strategy_runs/plc_mid_seed2/effective_high/run_20260518_134515.log
========================================
Finished: network=plc_mid_seed2, strategy=effective_high
Time    : 2026年  5月 18日 月曜日 13:47:18 JST

========================================
Start: network=plc_mid_seed2, strategy=certainty_high
Time : 2026年  5月 18日 月曜日 13:47:18 JST
Config    : v2/test_2/network/network-plc_mid_seed2.toml
Result dir: powerlaw_cluster_strategy_runs/plc_mid_seed2/certainty_high/result
Run log   : powerlaw_cluster_strategy_runs/plc_mid_seed2/certainty_high/run_20260518_134515.log
========================================
Finished: network=plc_mid_seed2, strategy=certainty_high
Time    : 2026年  5月 18日 月曜日 13:47:24 JST

========================================
Start: network=plc_mid_seed3, strategy=balance
Time : 2026年  5月 18日 月曜日 13:47:24 JST
Config    : v2/test_2/network/network-plc_mid_seed3.toml
Result dir: powerlaw_cluster_strategy_runs/plc_mid_seed3/balance/result
Run log   : powerlaw_cluster_strategy_runs/plc_mid_seed3/balance/run_20260518_134515.log
========================================
Finished: network=plc_mid_seed3, strategy=balance
Time    : 2026年  5月 18日 月曜日 13:47:30 JST

========================================
Start: network=plc_mid_seed3, strategy=effective_high
Time : 2026年  5月 18日 月曜日 13:47:30 JST
Config    : v2/test_2/network/network-plc_mid_seed3.toml
Result dir: powerlaw_cluster_strategy_runs/plc_mid_seed3/effective_high/result
Run log   : powerlaw_cluster_strategy_runs/plc_mid_seed3/effective_high/run_20260518_134515.log
========================================
Finished: network=plc_mid_seed3, strategy=effective_high
Time    : 2026年  5月 18日 月曜日 13:47:36 JST

========================================
Start: network=plc_mid_seed3, strategy=certainty_high
Time : 2026年  5月 18日 月曜日 13:47:36 JST
Config    : v2/test_2/network/network-plc_mid_seed3.toml
Result dir: powerlaw_cluster_strategy_runs/plc_mid_seed3/certainty_high/result
Run log   : powerlaw_cluster_strategy_runs/plc_mid_seed3/certainty_high/run_20260518_134515.log
========================================
Finished: network=plc_mid_seed3, strategy=certainty_high
Time    : 2026年  5月 18日 月曜日 13:47:41 JST

=== All runs finished ===
Master log: powerlaw_cluster_strategy_runs/logs/run_all_20260518_134515.log
