=== Start facebook seed sensitivity batch ===
Run id         : seed_sensitivity_20260610_151857
Output root    : experiments/2026-06-10_facebook_seed_sensitivity/strategy_runs/seed_sensitivity_20260610_151857
Seeds          : 0 1 2 3 4 5 6 7 8 9
Iteration count: 100
Network        : v2/test_2/network/network-facebook.toml
Agent          : v2/test_2/agent/agent-type6.toml
Time           : 2026年  6月 10日 水曜日 15:18:57 JST

========================================
Start: seed=0, network=facebook, strategy=balance
Time : 2026年  6月 10日 水曜日 15:18:57 JST
Runtime   : experiments/2026-06-10_facebook_seed_sensitivity/strategy_runs/seed_sensitivity_20260610_151857/runtime/runtime_seed0.toml
Result dir: experiments/2026-06-10_facebook_seed_sensitivity/strategy_runs/seed_sensitivity_20260610_151857/seed_0/facebook/balance/result
Run log   : experiments/2026-06-10_facebook_seed_sensitivity/strategy_runs/seed_sensitivity_20260610_151857/seed_0/facebook/balance/run_20260610_151857.log
========================================
Finished: seed=0, network=facebook, strategy=balance
Time    : 2026年  6月 10日 水曜日 15:19:31 JST

========================================
Start: seed=0, network=facebook, strategy=effective_high
Time : 2026年  6月 10日 水曜日 15:19:31 JST
Runtime   : experiments/2026-06-10_facebook_seed_sensitivity/strategy_runs/seed_sensitivity_20260610_151857/runtime/runtime_seed0.toml
Result dir: experiments/2026-06-10_facebook_seed_sensitivity/strategy_runs/seed_sensitivity_20260610_151857/seed_0/facebook/effective_high/result
Run log   : experiments/2026-06-10_facebook_seed_sensitivity/strategy_runs/seed_sensitivity_20260610_151857/seed_0/facebook/effective_high/run_20260610_151857.log
========================================
Finished: seed=0, network=facebook, strategy=effective_high
Time    : 2026年  6月 10日 水曜日 15:20:05 JST

========================================
Start: seed=0, network=facebook, strategy=certainty_high
Time : 2026年  6月 10日 水曜日 15:20:05 JST
Runtime   : experiments/2026-06-10_facebook_seed_sensitivity/strategy_runs/seed_sensitivity_20260610_151857/runtime/runtime_seed0.toml
Result dir: experiments/2026-06-10_facebook_seed_sensitivity/strategy_runs/seed_sensitivity_20260610_151857/seed_0/facebook/certainty_high/result
Run log   : experiments/2026-06-10_facebook_seed_sensitivity/strategy_runs/seed_sensitivity_20260610_151857/seed_0/facebook/certainty_high/run_20260610_151857.log
========================================
Finished: seed=0, network=facebook, strategy=certainty_high
Time    : 2026年  6月 10日 水曜日 15:20:41 JST

========================================
Start: seed=1, network=facebook, strategy=balance
Time : 2026年  6月 10日 水曜日 15:20:41 JST
Runtime   : experiments/2026-06-10_facebook_seed_sensitivity/strategy_runs/seed_sensitivity_20260610_151857/runtime/runtime_seed1.toml
Result dir: experiments/2026-06-10_facebook_seed_sensitivity/strategy_runs/seed_sensitivity_20260610_151857/seed_1/facebook/balance/result
Run log   : experiments/2026-06-10_facebook_seed_sensitivity/strategy_runs/seed_sensitivity_20260610_151857/seed_1/facebook/balance/run_20260610_151857.log
========================================
Finished: seed=1, network=facebook, strategy=balance
Time    : 2026年  6月 10日 水曜日 15:21:21 JST

========================================
Start: seed=1, network=facebook, strategy=effective_high
Time : 2026年  6月 10日 水曜日 15:21:21 JST
Runtime   : experiments/2026-06-10_facebook_seed_sensitivity/strategy_runs/seed_sensitivity_20260610_151857/runtime/runtime_seed1.toml
Result dir: experiments/2026-06-10_facebook_seed_sensitivity/strategy_runs/seed_sensitivity_20260610_151857/seed_1/facebook/effective_high/result
Run log   : experiments/2026-06-10_facebook_seed_sensitivity/strategy_runs/seed_sensitivity_20260610_151857/seed_1/facebook/effective_high/run_20260610_151857.log
========================================
Finished: seed=1, network=facebook, strategy=effective_high
Time    : 2026年  6月 10日 水曜日 15:22:17 JST

========================================
Start: seed=1, network=facebook, strategy=certainty_high
Time : 2026年  6月 10日 水曜日 15:22:17 JST
Runtime   : experiments/2026-06-10_facebook_seed_sensitivity/strategy_runs/seed_sensitivity_20260610_151857/runtime/runtime_seed1.toml
Result dir: experiments/2026-06-10_facebook_seed_sensitivity/strategy_runs/seed_sensitivity_20260610_151857/seed_1/facebook/certainty_high/result
Run log   : experiments/2026-06-10_facebook_seed_sensitivity/strategy_runs/seed_sensitivity_20260610_151857/seed_1/facebook/certainty_high/run_20260610_151857.log
========================================
Finished: seed=1, network=facebook, strategy=certainty_high
Time    : 2026年  6月 10日 水曜日 15:22:56 JST

========================================
Start: seed=2, network=facebook, strategy=balance
Time : 2026年  6月 10日 水曜日 15:22:56 JST
Runtime   : experiments/2026-06-10_facebook_seed_sensitivity/strategy_runs/seed_sensitivity_20260610_151857/runtime/runtime_seed2.toml
Result dir: experiments/2026-06-10_facebook_seed_sensitivity/strategy_runs/seed_sensitivity_20260610_151857/seed_2/facebook/balance/result
Run log   : experiments/2026-06-10_facebook_seed_sensitivity/strategy_runs/seed_sensitivity_20260610_151857/seed_2/facebook/balance/run_20260610_151857.log
========================================
Finished: seed=2, network=facebook, strategy=balance
Time    : 2026年  6月 10日 水曜日 15:23:30 JST

========================================
Start: seed=2, network=facebook, strategy=effective_high
Time : 2026年  6月 10日 水曜日 15:23:30 JST
Runtime   : experiments/2026-06-10_facebook_seed_sensitivity/strategy_runs/seed_sensitivity_20260610_151857/runtime/runtime_seed2.toml
Result dir: experiments/2026-06-10_facebook_seed_sensitivity/strategy_runs/seed_sensitivity_20260610_151857/seed_2/facebook/effective_high/result
Run log   : experiments/2026-06-10_facebook_seed_sensitivity/strategy_runs/seed_sensitivity_20260610_151857/seed_2/facebook/effective_high/run_20260610_151857.log
========================================
Finished: seed=2, network=facebook, strategy=effective_high
Time    : 2026年  6月 10日 水曜日 15:24:05 JST

========================================
Start: seed=2, network=facebook, strategy=certainty_high
Time : 2026年  6月 10日 水曜日 15:24:05 JST
Runtime   : experiments/2026-06-10_facebook_seed_sensitivity/strategy_runs/seed_sensitivity_20260610_151857/runtime/runtime_seed2.toml
Result dir: experiments/2026-06-10_facebook_seed_sensitivity/strategy_runs/seed_sensitivity_20260610_151857/seed_2/facebook/certainty_high/result
Run log   : experiments/2026-06-10_facebook_seed_sensitivity/strategy_runs/seed_sensitivity_20260610_151857/seed_2/facebook/certainty_high/run_20260610_151857.log
========================================
Finished: seed=2, network=facebook, strategy=certainty_high
Time    : 2026年  6月 10日 水曜日 15:24:41 JST

========================================
Start: seed=3, network=facebook, strategy=balance
Time : 2026年  6月 10日 水曜日 15:24:41 JST
Runtime   : experiments/2026-06-10_facebook_seed_sensitivity/strategy_runs/seed_sensitivity_20260610_151857/runtime/runtime_seed3.toml
Result dir: experiments/2026-06-10_facebook_seed_sensitivity/strategy_runs/seed_sensitivity_20260610_151857/seed_3/facebook/balance/result
Run log   : experiments/2026-06-10_facebook_seed_sensitivity/strategy_runs/seed_sensitivity_20260610_151857/seed_3/facebook/balance/run_20260610_151857.log
========================================
Finished: seed=3, network=facebook, strategy=balance
Time    : 2026年  6月 10日 水曜日 15:25:16 JST

========================================
Start: seed=3, network=facebook, strategy=effective_high
Time : 2026年  6月 10日 水曜日 15:25:16 JST
Runtime   : experiments/2026-06-10_facebook_seed_sensitivity/strategy_runs/seed_sensitivity_20260610_151857/runtime/runtime_seed3.toml
Result dir: experiments/2026-06-10_facebook_seed_sensitivity/strategy_runs/seed_sensitivity_20260610_151857/seed_3/facebook/effective_high/result
Run log   : experiments/2026-06-10_facebook_seed_sensitivity/strategy_runs/seed_sensitivity_20260610_151857/seed_3/facebook/effective_high/run_20260610_151857.log
========================================
Finished: seed=3, network=facebook, strategy=effective_high
Time    : 2026年  6月 10日 水曜日 15:25:51 JST

========================================
Start: seed=3, network=facebook, strategy=certainty_high
Time : 2026年  6月 10日 水曜日 15:25:51 JST
Runtime   : experiments/2026-06-10_facebook_seed_sensitivity/strategy_runs/seed_sensitivity_20260610_151857/runtime/runtime_seed3.toml
Result dir: experiments/2026-06-10_facebook_seed_sensitivity/strategy_runs/seed_sensitivity_20260610_151857/seed_3/facebook/certainty_high/result
Run log   : experiments/2026-06-10_facebook_seed_sensitivity/strategy_runs/seed_sensitivity_20260610_151857/seed_3/facebook/certainty_high/run_20260610_151857.log
========================================
Finished: seed=3, network=facebook, strategy=certainty_high
Time    : 2026年  6月 10日 水曜日 15:26:27 JST

========================================
Start: seed=4, network=facebook, strategy=balance
Time : 2026年  6月 10日 水曜日 15:26:27 JST
Runtime   : experiments/2026-06-10_facebook_seed_sensitivity/strategy_runs/seed_sensitivity_20260610_151857/runtime/runtime_seed4.toml
Result dir: experiments/2026-06-10_facebook_seed_sensitivity/strategy_runs/seed_sensitivity_20260610_151857/seed_4/facebook/balance/result
Run log   : experiments/2026-06-10_facebook_seed_sensitivity/strategy_runs/seed_sensitivity_20260610_151857/seed_4/facebook/balance/run_20260610_151857.log
========================================
Finished: seed=4, network=facebook, strategy=balance
Time    : 2026年  6月 10日 水曜日 15:27:06 JST

========================================
Start: seed=4, network=facebook, strategy=effective_high
Time : 2026年  6月 10日 水曜日 15:27:06 JST
Runtime   : experiments/2026-06-10_facebook_seed_sensitivity/strategy_runs/seed_sensitivity_20260610_151857/runtime/runtime_seed4.toml
Result dir: experiments/2026-06-10_facebook_seed_sensitivity/strategy_runs/seed_sensitivity_20260610_151857/seed_4/facebook/effective_high/result
Run log   : experiments/2026-06-10_facebook_seed_sensitivity/strategy_runs/seed_sensitivity_20260610_151857/seed_4/facebook/effective_high/run_20260610_151857.log
========================================
Finished: seed=4, network=facebook, strategy=effective_high
Time    : 2026年  6月 10日 水曜日 15:27:45 JST

========================================
Start: seed=4, network=facebook, strategy=certainty_high
Time : 2026年  6月 10日 水曜日 15:27:45 JST
Runtime   : experiments/2026-06-10_facebook_seed_sensitivity/strategy_runs/seed_sensitivity_20260610_151857/runtime/runtime_seed4.toml
Result dir: experiments/2026-06-10_facebook_seed_sensitivity/strategy_runs/seed_sensitivity_20260610_151857/seed_4/facebook/certainty_high/result
Run log   : experiments/2026-06-10_facebook_seed_sensitivity/strategy_runs/seed_sensitivity_20260610_151857/seed_4/facebook/certainty_high/run_20260610_151857.log
========================================
Finished: seed=4, network=facebook, strategy=certainty_high
Time    : 2026年  6月 10日 水曜日 15:28:21 JST

========================================
Start: seed=5, network=facebook, strategy=balance
Time : 2026年  6月 10日 水曜日 15:28:21 JST
Runtime   : experiments/2026-06-10_facebook_seed_sensitivity/strategy_runs/seed_sensitivity_20260610_151857/runtime/runtime_seed5.toml
Result dir: experiments/2026-06-10_facebook_seed_sensitivity/strategy_runs/seed_sensitivity_20260610_151857/seed_5/facebook/balance/result
Run log   : experiments/2026-06-10_facebook_seed_sensitivity/strategy_runs/seed_sensitivity_20260610_151857/seed_5/facebook/balance/run_20260610_151857.log
========================================
Finished: seed=5, network=facebook, strategy=balance
Time    : 2026年  6月 10日 水曜日 15:28:58 JST

========================================
Start: seed=5, network=facebook, strategy=effective_high
Time : 2026年  6月 10日 水曜日 15:28:58 JST
Runtime   : experiments/2026-06-10_facebook_seed_sensitivity/strategy_runs/seed_sensitivity_20260610_151857/runtime/runtime_seed5.toml
Result dir: experiments/2026-06-10_facebook_seed_sensitivity/strategy_runs/seed_sensitivity_20260610_151857/seed_5/facebook/effective_high/result
Run log   : experiments/2026-06-10_facebook_seed_sensitivity/strategy_runs/seed_sensitivity_20260610_151857/seed_5/facebook/effective_high/run_20260610_151857.log
========================================
Finished: seed=5, network=facebook, strategy=effective_high
Time    : 2026年  6月 10日 水曜日 15:29:36 JST

========================================
Start: seed=5, network=facebook, strategy=certainty_high
Time : 2026年  6月 10日 水曜日 15:29:36 JST
Runtime   : experiments/2026-06-10_facebook_seed_sensitivity/strategy_runs/seed_sensitivity_20260610_151857/runtime/runtime_seed5.toml
Result dir: experiments/2026-06-10_facebook_seed_sensitivity/strategy_runs/seed_sensitivity_20260610_151857/seed_5/facebook/certainty_high/result
Run log   : experiments/2026-06-10_facebook_seed_sensitivity/strategy_runs/seed_sensitivity_20260610_151857/seed_5/facebook/certainty_high/run_20260610_151857.log
========================================
Finished: seed=5, network=facebook, strategy=certainty_high
Time    : 2026年  6月 10日 水曜日 15:30:14 JST

========================================
Start: seed=6, network=facebook, strategy=balance
Time : 2026年  6月 10日 水曜日 15:30:14 JST
Runtime   : experiments/2026-06-10_facebook_seed_sensitivity/strategy_runs/seed_sensitivity_20260610_151857/runtime/runtime_seed6.toml
Result dir: experiments/2026-06-10_facebook_seed_sensitivity/strategy_runs/seed_sensitivity_20260610_151857/seed_6/facebook/balance/result
Run log   : experiments/2026-06-10_facebook_seed_sensitivity/strategy_runs/seed_sensitivity_20260610_151857/seed_6/facebook/balance/run_20260610_151857.log
========================================
Finished: seed=6, network=facebook, strategy=balance
Time    : 2026年  6月 10日 水曜日 15:30:57 JST

========================================
Start: seed=6, network=facebook, strategy=effective_high
Time : 2026年  6月 10日 水曜日 15:30:57 JST
Runtime   : experiments/2026-06-10_facebook_seed_sensitivity/strategy_runs/seed_sensitivity_20260610_151857/runtime/runtime_seed6.toml
Result dir: experiments/2026-06-10_facebook_seed_sensitivity/strategy_runs/seed_sensitivity_20260610_151857/seed_6/facebook/effective_high/result
Run log   : experiments/2026-06-10_facebook_seed_sensitivity/strategy_runs/seed_sensitivity_20260610_151857/seed_6/facebook/effective_high/run_20260610_151857.log
========================================
Finished: seed=6, network=facebook, strategy=effective_high
Time    : 2026年  6月 10日 水曜日 15:31:45 JST

========================================
Start: seed=6, network=facebook, strategy=certainty_high
Time : 2026年  6月 10日 水曜日 15:31:45 JST
Runtime   : experiments/2026-06-10_facebook_seed_sensitivity/strategy_runs/seed_sensitivity_20260610_151857/runtime/runtime_seed6.toml
Result dir: experiments/2026-06-10_facebook_seed_sensitivity/strategy_runs/seed_sensitivity_20260610_151857/seed_6/facebook/certainty_high/result
Run log   : experiments/2026-06-10_facebook_seed_sensitivity/strategy_runs/seed_sensitivity_20260610_151857/seed_6/facebook/certainty_high/run_20260610_151857.log
========================================
Finished: seed=6, network=facebook, strategy=certainty_high
Time    : 2026年  6月 10日 水曜日 15:32:20 JST

========================================
Start: seed=7, network=facebook, strategy=balance
Time : 2026年  6月 10日 水曜日 15:32:20 JST
Runtime   : experiments/2026-06-10_facebook_seed_sensitivity/strategy_runs/seed_sensitivity_20260610_151857/runtime/runtime_seed7.toml
Result dir: experiments/2026-06-10_facebook_seed_sensitivity/strategy_runs/seed_sensitivity_20260610_151857/seed_7/facebook/balance/result
Run log   : experiments/2026-06-10_facebook_seed_sensitivity/strategy_runs/seed_sensitivity_20260610_151857/seed_7/facebook/balance/run_20260610_151857.log
========================================
Finished: seed=7, network=facebook, strategy=balance
Time    : 2026年  6月 10日 水曜日 15:32:55 JST

========================================
Start: seed=7, network=facebook, strategy=effective_high
Time : 2026年  6月 10日 水曜日 15:32:55 JST
Runtime   : experiments/2026-06-10_facebook_seed_sensitivity/strategy_runs/seed_sensitivity_20260610_151857/runtime/runtime_seed7.toml
Result dir: experiments/2026-06-10_facebook_seed_sensitivity/strategy_runs/seed_sensitivity_20260610_151857/seed_7/facebook/effective_high/result
Run log   : experiments/2026-06-10_facebook_seed_sensitivity/strategy_runs/seed_sensitivity_20260610_151857/seed_7/facebook/effective_high/run_20260610_151857.log
========================================
Finished: seed=7, network=facebook, strategy=effective_high
Time    : 2026年  6月 10日 水曜日 15:33:31 JST

========================================
Start: seed=7, network=facebook, strategy=certainty_high
Time : 2026年  6月 10日 水曜日 15:33:31 JST
Runtime   : experiments/2026-06-10_facebook_seed_sensitivity/strategy_runs/seed_sensitivity_20260610_151857/runtime/runtime_seed7.toml
Result dir: experiments/2026-06-10_facebook_seed_sensitivity/strategy_runs/seed_sensitivity_20260610_151857/seed_7/facebook/certainty_high/result
Run log   : experiments/2026-06-10_facebook_seed_sensitivity/strategy_runs/seed_sensitivity_20260610_151857/seed_7/facebook/certainty_high/run_20260610_151857.log
========================================
Finished: seed=7, network=facebook, strategy=certainty_high
Time    : 2026年  6月 10日 水曜日 15:34:11 JST

========================================
Start: seed=8, network=facebook, strategy=balance
Time : 2026年  6月 10日 水曜日 15:34:11 JST
Runtime   : experiments/2026-06-10_facebook_seed_sensitivity/strategy_runs/seed_sensitivity_20260610_151857/runtime/runtime_seed8.toml
Result dir: experiments/2026-06-10_facebook_seed_sensitivity/strategy_runs/seed_sensitivity_20260610_151857/seed_8/facebook/balance/result
Run log   : experiments/2026-06-10_facebook_seed_sensitivity/strategy_runs/seed_sensitivity_20260610_151857/seed_8/facebook/balance/run_20260610_151857.log
========================================
Finished: seed=8, network=facebook, strategy=balance
Time    : 2026年  6月 10日 水曜日 15:34:48 JST

========================================
Start: seed=8, network=facebook, strategy=effective_high
Time : 2026年  6月 10日 水曜日 15:34:48 JST
Runtime   : experiments/2026-06-10_facebook_seed_sensitivity/strategy_runs/seed_sensitivity_20260610_151857/runtime/runtime_seed8.toml
Result dir: experiments/2026-06-10_facebook_seed_sensitivity/strategy_runs/seed_sensitivity_20260610_151857/seed_8/facebook/effective_high/result
Run log   : experiments/2026-06-10_facebook_seed_sensitivity/strategy_runs/seed_sensitivity_20260610_151857/seed_8/facebook/effective_high/run_20260610_151857.log
========================================
Finished: seed=8, network=facebook, strategy=effective_high
Time    : 2026年  6月 10日 水曜日 15:35:24 JST

========================================
Start: seed=8, network=facebook, strategy=certainty_high
Time : 2026年  6月 10日 水曜日 15:35:24 JST
Runtime   : experiments/2026-06-10_facebook_seed_sensitivity/strategy_runs/seed_sensitivity_20260610_151857/runtime/runtime_seed8.toml
Result dir: experiments/2026-06-10_facebook_seed_sensitivity/strategy_runs/seed_sensitivity_20260610_151857/seed_8/facebook/certainty_high/result
Run log   : experiments/2026-06-10_facebook_seed_sensitivity/strategy_runs/seed_sensitivity_20260610_151857/seed_8/facebook/certainty_high/run_20260610_151857.log
========================================
Finished: seed=8, network=facebook, strategy=certainty_high
Time    : 2026年  6月 10日 水曜日 15:36:02 JST

========================================
Start: seed=9, network=facebook, strategy=balance
Time : 2026年  6月 10日 水曜日 15:36:02 JST
Runtime   : experiments/2026-06-10_facebook_seed_sensitivity/strategy_runs/seed_sensitivity_20260610_151857/runtime/runtime_seed9.toml
Result dir: experiments/2026-06-10_facebook_seed_sensitivity/strategy_runs/seed_sensitivity_20260610_151857/seed_9/facebook/balance/result
Run log   : experiments/2026-06-10_facebook_seed_sensitivity/strategy_runs/seed_sensitivity_20260610_151857/seed_9/facebook/balance/run_20260610_151857.log
========================================
Finished: seed=9, network=facebook, strategy=balance
Time    : 2026年  6月 10日 水曜日 15:36:38 JST

========================================
Start: seed=9, network=facebook, strategy=effective_high
Time : 2026年  6月 10日 水曜日 15:36:38 JST
Runtime   : experiments/2026-06-10_facebook_seed_sensitivity/strategy_runs/seed_sensitivity_20260610_151857/runtime/runtime_seed9.toml
Result dir: experiments/2026-06-10_facebook_seed_sensitivity/strategy_runs/seed_sensitivity_20260610_151857/seed_9/facebook/effective_high/result
Run log   : experiments/2026-06-10_facebook_seed_sensitivity/strategy_runs/seed_sensitivity_20260610_151857/seed_9/facebook/effective_high/run_20260610_151857.log
========================================
Finished: seed=9, network=facebook, strategy=effective_high
Time    : 2026年  6月 10日 水曜日 15:37:14 JST

========================================
Start: seed=9, network=facebook, strategy=certainty_high
Time : 2026年  6月 10日 水曜日 15:37:14 JST
Runtime   : experiments/2026-06-10_facebook_seed_sensitivity/strategy_runs/seed_sensitivity_20260610_151857/runtime/runtime_seed9.toml
Result dir: experiments/2026-06-10_facebook_seed_sensitivity/strategy_runs/seed_sensitivity_20260610_151857/seed_9/facebook/certainty_high/result
Run log   : experiments/2026-06-10_facebook_seed_sensitivity/strategy_runs/seed_sensitivity_20260610_151857/seed_9/facebook/certainty_high/run_20260610_151857.log
========================================
Finished: seed=9, network=facebook, strategy=certainty_high
Time    : 2026年  6月 10日 水曜日 15:37:50 JST

=== All facebook seed sensitivity runs finished ===
Master log: experiments/2026-06-10_facebook_seed_sensitivity/strategy_runs/seed_sensitivity_20260610_151857/logs/run_facebook_seed_sensitivity_20260610_151857.log
